<?xml version="1.0" encoding="UTF-8"?>
<!-- Generated by org.testng.reporters.JUnitReportReporter -->
<testsuite hostname="Nisha_Yadav" failures="0" tests="1" name="nishay.nishaypractice.Standalonetest" time="13.215" errors="0" timestamp="2024-10-03T18:16:36 IST" skipped="0">
  <testcase classname="nishay.nishaypractice.Standalonetest" name="testShoppingFlow" time="13.215"/>
</testsuite> <!-- nishay.nishaypractice.Standalonetest -->
